生成启动时间为 2018/1/9 12:03:28。
     1>项目“E:\【LI WEI】\【2017硕士论文】\谢磊金\NewProJT  2016-8-5 (1)\NewProJT  2016-8-5\NewProJ\NewProJ.vcxproj”在节点 2 上(Build 个目标)。
     1>ClCompile:
         D:\VS2013\VC\bin\CL.exe /c /ID:\opencv2.4.9\opencv\build\x86\vc12\lib /ID:\opencv2.4.9\opencv\build\include /Zi /nologo /W3 /WX- /O2 /Oi /Oy- /GL /D WIN32 /D _WINDOWS /D NDEBUG /D _MBCS /D _AFXDLL /Gm- /EHsc /MD /GS /Gy /fp:precise /Zc:wchar_t /Zc:forScope /Yc"stdafx.h" /Fp"Release\NewProJ.pch" /Fo"Release\\" /Fd"Release\vc120.pdb" /FR"Release\\" /Gd /TP /analyze- /errorReport:prompt stdafx.cpp
         stdafx.cpp
     1>D:\VS2013\VC\atlmfc\include\afx.h(38): warning C4996: 'MBCS_Support_Deprecated_In_MFC': MBCS support in MFC is deprecated and may be removed in a future version of MFC.
                 D:\VS2013\VC\atlmfc\include\afx.h(33) : 参见“MBCS_Support_Deprecated_In_MFC”的声明
         D:\VS2013\VC\bin\CL.exe /c /ID:\opencv2.4.9\opencv\build\x86\vc12\lib /ID:\opencv2.4.9\opencv\build\include /Zi /nologo /W3 /WX- /O2 /Oi /Oy- /GL /D WIN32 /D _WINDOWS /D NDEBUG /D _MBCS /D _AFXDLL /Gm- /EHsc /MD /GS /Gy /fp:precise /Zc:wchar_t /Zc:forScope /Yu"stdafx.h" /Fp"Release\NewProJ.pch" /Fo"Release\\" /Fd"Release\vc120.pdb" /FR"Release\\" /Gd /TP /analyze- /errorReport:prompt CvvImage.cpp CWebBrowser2.cpp CWMPPlayer4.cpp explorer1.cpp InquireRecord.cpp NewProJ.cpp NewProJDlg.cpp Page1.cpp Page2.cpp ShowVDO.cpp StaData.cpp WebPage.cpp
         CvvImage.cpp
         CWebBrowser2.cpp
         CWMPPlayer4.cpp
         explorer1.cpp
         InquireRecord.cpp
     1>d:\opencv2.4.9\opencv\build\include\opencv2\flann\logger.h(66): warning C4996: 'fopen': This function or variable may be unsafe. Consider using fopen_s instead. To disable deprecation, use _CRT_SECURE_NO_WARNINGS. See online help for details.
                 D:\VS2013\VC\include\stdio.h(211) : 参见“fopen”的声明
         NewProJ.cpp
     1>d:\opencv2.4.9\opencv\build\include\opencv2\flann\logger.h(66): warning C4996: 'fopen': This function or variable may be unsafe. Consider using fopen_s instead. To disable deprecation, use _CRT_SECURE_NO_WARNINGS. See online help for details.
                 D:\VS2013\VC\include\stdio.h(211) : 参见“fopen”的声明
         NewProJDlg.cpp
     1>d:\opencv2.4.9\opencv\build\include\opencv2\flann\logger.h(66): warning C4996: 'fopen': This function or variable may be unsafe. Consider using fopen_s instead. To disable deprecation, use _CRT_SECURE_NO_WARNINGS. See online help for details.
                 D:\VS2013\VC\include\stdio.h(211) : 参见“fopen”的声明
     1>NewProJDlg.cpp(480): warning C4101: “i”: 未引用的局部变量
     1>NewProJDlg.cpp(775): warning C4101: “hei”: 未引用的局部变量
     1>NewProJDlg.cpp(775): warning C4101: “wid”: 未引用的局部变量
     1>NewProJDlg.cpp(910): warning C4996: 'localtime': This function or variable may be unsafe. Consider using localtime_s instead. To disable deprecation, use _CRT_SECURE_NO_WARNINGS. See online help for details.
                 D:\VS2013\VC\include\time.inl(112) : 参见“localtime”的声明
     1>NewProJDlg.cpp(924): warning C4244: “初始化”: 从“double”转换到“int”，可能丢失数据
     1>NewProJDlg.cpp(965): warning C4244: “初始化”: 从“double”转换到“float”，可能丢失数据
     1>NewProJDlg.cpp(1490): warning C4101: “s”: 未引用的局部变量
     1>NewProJDlg.cpp(1487): warning C4101: “len”: 未引用的局部变量
     1>NewProJDlg.cpp(1487): warning C4101: “wid”: 未引用的局部变量
     1>NewProJDlg.cpp(1567): warning C4244: “return”: 从“double”转换到“int”，可能丢失数据
         Page1.cpp
     1>d:\opencv2.4.9\opencv\build\include\opencv2\flann\logger.h(66): warning C4996: 'fopen': This function or variable may be unsafe. Consider using fopen_s instead. To disable deprecation, use _CRT_SECURE_NO_WARNINGS. See online help for details.
                 D:\VS2013\VC\include\stdio.h(211) : 参见“fopen”的声明
         Page2.cpp
     1>d:\opencv2.4.9\opencv\build\include\opencv2\flann\logger.h(66): warning C4996: 'fopen': This function or variable may be unsafe. Consider using fopen_s instead. To disable deprecation, use _CRT_SECURE_NO_WARNINGS. See online help for details.
                 D:\VS2013\VC\include\stdio.h(211) : 参见“fopen”的声明
         ShowVDO.cpp
     1>d:\opencv2.4.9\opencv\build\include\opencv2\flann\logger.h(66): warning C4996: 'fopen': This function or variable may be unsafe. Consider using fopen_s instead. To disable deprecation, use _CRT_SECURE_NO_WARNINGS. See online help for details.
                 D:\VS2013\VC\include\stdio.h(211) : 参见“fopen”的声明
         StaData.cpp
     1>d:\opencv2.4.9\opencv\build\include\opencv2\flann\logger.h(66): warning C4996: 'fopen': This function or variable may be unsafe. Consider using fopen_s instead. To disable deprecation, use _CRT_SECURE_NO_WARNINGS. See online help for details.
                 D:\VS2013\VC\include\stdio.h(211) : 参见“fopen”的声明
     1>StaData.cpp(164): warning C4244: “=”: 从“double”转换到“int”，可能丢失数据
     1>StaData.cpp(165): warning C4244: “=”: 从“double”转换到“int”，可能丢失数据
     1>StaData.cpp(190): warning C4018: “<=”: 有符号/无符号不匹配
     1>StaData.cpp(200): warning C4018: “<=”: 有符号/无符号不匹配
     1>StaData.cpp(207): warning C4018: “<=”: 有符号/无符号不匹配
     1>StaData.cpp(214): warning C4018: “<=”: 有符号/无符号不匹配
     1>StaData.cpp(175): warning C4101: “empty_f”: 未引用的局部变量
     1>StaData.cpp(176): warning C4101: “tvalue”: 未引用的局部变量
         WebPage.cpp
       Link:
         D:\VS2013\VC\bin\link.exe /ERRORREPORT:PROMPT /OUT:"E:\【LI WEI】\【2017硕士论文】\谢磊金\NewProJT  2016-8-5 (1)\NewProJT  2016-8-5\Release\NewProJ.exe" /INCREMENTAL:NO /NOLOGO /LIBPATH:D:\opencv2.4.9\opencv\build\x86\vc10\lib opencv_ml249d.lib opencv_nonfree249d.lib opencv_objdetect249d.lib opencv_ocl249d.lib opencv_photo249d.lib opencv_stitching249d.lib opencv_superres249d.lib opencv_ts249d.lib opencv_video249d.lib opencv_videostab249d.lib opencv_calib3d249.lib opencv_contrib249.lib opencv_core249.lib opencv_features2d249.lib opencv_flann249.lib opencv_gpu249.lib opencv_highgui249.lib opencv_imgproc249.lib opencv_legacy249.lib opencv_ml249.lib opencv_nonfree249.lib opencv_objdetect249.lib opencv_ocl249.lib opencv_photo249.lib opencv_stitching249.lib opencv_superres249.lib opencv_ts249.lib opencv_video249.lib opencv_videostab249.lib opencv_calib3d249d.lib opencv_contrib249d.lib opencv_core249d.lib opencv_features2d249d.lib opencv_flann249d.lib opencv_gpu249d.lib opencv_highgui249d.lib opencv_imgproc249d.lib opencv_legacy249d.lib opencv_ml249d.lib opencv_nonfree249d.lib opencv_objdetect249d.lib opencv_ocl249d.lib opencv_photo249d.lib opencv_stitching249d.lib opencv_superres249d.lib opencv_ts249d.lib opencv_video249d.lib opencv_videostab249d.lib opencv_calib3d249.lib opencv_contrib249.lib opencv_core249.lib opencv_features2d249.lib opencv_flann249.lib opencv_gpu249.lib opencv_highgui249.lib opencv_imgproc249.lib opencv_legacy249.lib opencv_ml249.lib opencv_nonfree249.lib opencv_objdetect249.lib opencv_ocl249.lib opencv_photo249.lib opencv_stitching249.lib opencv_superres249.lib opencv_ts249.lib opencv_video249.lib opencv_videostab249.lib /MANIFEST /MANIFESTUAC:"level='asInvoker' uiAccess='false'" /manifest:embed /manifestinput:D:\VS2013\VC\Include\Manifest\dpiaware.manifest /DEBUG /PDB:"E:\【LI WEI】\【2017硕士论文】\谢磊金\NewProJT  2016-8-5 (1)\NewProJT  2016-8-5\Release\NewProJ.pdb" /SUBSYSTEM:WINDOWS /OPT:REF /OPT:ICF /LTCG /TLBID:1 /DYNAMICBASE /NXCOMPAT /IMPLIB:"E:\【LI WEI】\【2017硕士论文】\谢磊金\NewProJT  2016-8-5 (1)\NewProJT  2016-8-5\Release\NewProJ.lib" /MACHINE:X86 /SAFESEH Release\NewProJ.res
         Release\CvvImage.obj
         Release\CWebBrowser2.obj
         Release\CWMPPlayer4.obj
         Release\explorer1.obj
         Release\InquireRecord.obj
         Release\NewProJ.obj
         Release\NewProJDlg.obj
         Release\Page1.obj
         Release\Page2.obj
         Release\ShowVDO.obj
         Release\StaData.obj
         Release\stdafx.obj
         Release\WebPage.obj
         正在生成代码
         已完成代码的生成
         NewProJ.vcxproj -> E:\【LI WEI】\【2017硕士论文】\谢磊金\NewProJT  2016-8-5 (1)\NewProJT  2016-8-5\Release\NewProJ.exe
       BscMake:
         D:\VS2013\VC\bin\bscmake.exe /nologo /o"E:\【LI WEI】\【2017硕士论文】\谢磊金\NewProJT  2016-8-5 (1)\NewProJT  2016-8-5\Release\NewProJ.bsc" /n Release\CvvImage.sbr Release\CWebBrowser2.sbr Release\CWMPPlayer4.sbr Release\explorer1.sbr Release\InquireRecord.sbr Release\NewProJ.sbr Release\NewProJDlg.sbr Release\Page1.sbr Release\Page2.sbr Release\ShowVDO.sbr Release\StaData.sbr Release\stdafx.sbr Release\WebPage.sbr
     1>c:\program files (x86)\windows kits\8.1\include\um\mshtml.h(37495): warning BK4504: 文件包含的引用太多；忽略来自此源的进一步引用
     1>已完成生成项目“E:\【LI WEI】\【2017硕士论文】\谢磊金\NewProJT  2016-8-5 (1)\NewProJT  2016-8-5\NewProJ\NewProJ.vcxproj”(Build 个目标)的操作。

生成成功。

已用时间 00:00:46.07
